<?xml version="1.0" encoding="UTF-8"?>
<testsuite xmlns:xsi="http://www.w3.org/2001/XMLSchema-instance" xsi:noNamespaceSchemaLocation="https://maven.apache.org/surefire/maven-surefire-plugin/xsd/surefire-test-report-3.0.xsd" version="3.0" name="Steps.BankAccountTest" time="0.069" tests="4" errors="0" skipped="0" failures="0">
  <properties>
[...]
</properties>
  <testcase name="withdraw" classname="Steps.BankAccountTest" time="0.034"/>
  <testcase name="withdraw2" classname="Steps.BankAccountTest" time="0.002"/>
  <testcase name="deposit2" classname="Steps.BankAccountTest" time="0.002"/>
  <testcase name="deposit" classname="Steps.BankAccountTest" time="0.001"/>
</testsuite>